Copyright 1986-2014 Xilinx, Inc. All Rights Reserved.
------------------------------------------------------------------------------------
| Tool Version : Vivado v.2014.4 (lin64) Build 1071353 Tue Nov 18 16:47:07 MST 2014
| Date         : Mon Apr 18 19:31:56 2016
| Host         : srihari running 64-bit Ubuntu 14.04.4 LTS
| Command      : report_drc
------------------------------------------------------------------------------------

Report DRC

Table of Contents
-----------------
1. REPORT SUMMARY
2. REPORT DETAILS

1. REPORT SUMMARY
-----------------
            Netlist: netlist
          Floorplan: design_1
      Design limits: <entire design considered>
           Ruledeck: default
           Max violations: <unlimited>
         Violations found: 5

2. REPORT DETAILS
-----------------
LUTLP-1#1 Critical Warning
Combinatorial Loop  
102 LUT cells form a combinatorial loop. This can create a race condition. Timing analysis may not be accurate. The preferred resolution is to modify the design to remove combinatorial logic loops. To allow bitstream creation for designs with combinatorial logic loops (not recommended), use this command: set_property SEVERITY {Warning} [get_drc_checks LUTLP-1]. NOTE: When using the Vivado Runs infrastructure (e.g. launch_runs Tcl command), add this command to a .tcl file and add that file as a pre-hook for write_bitstream step for the implementation run. design_1_i/fibonacci_ro_0/inst/fib_osc_inferred_i_1, design_1_i/fibonacci_ro_0/inst/fib_osc_inferred_i_2, design_1_i/fibonacci_ro_0/inst/genblk1[3].inst/temp_inv_inferred_i_1, design_1_i/fibonacci_ro_0/inst/genblk1[5].inst/temp_inv_inferred_i_1__1, design_1_i/fibonacci_ro_0/inst/genblk1[14].inst/temp_inv_inferred_i_1, design_1_i/fibonacci_ro_0/inst/genblk1[9].inst/temp_inv_inferred_i_1, design_1_i/fibonacci_ro_0/inst/genblk1[7].inst/temp_inv_inferred_i_1, design_1_i/fibonacci_ro_0/inst/genblk1[4].inst/temp_inv_inferred_i_1__0, design_1_i/fibonacci_ro_0/inst/genblk1[13].inst/temp_inv_inferred_i_1__3, design_1_i/fibonacci_ro_0/inst/genblk1[15].inst/temp_inv_inferred_i_1__4, design_1_i/fibonacci_ro_0/inst/genblk1[1].inst/temp_inv_inferred_i_1, design_1_i/fibonacci_ro_0/inst/genblk1[19].inst/temp_inv_inferred_i_1, design_1_i/fibonacci_ro_0/inst/genblk1[12].inst/temp_inv_inferred_i_1__2, design_1_i/fibonacci_ro_0/inst/genblk1[8].inst/temp_inv_inferred_i_1, design_1_i/fibonacci_ro_0/inst/genblk1[16].inst/temp_inv_inferred_i_1__5 (the first 15 of 102 listed).
Related violations: <none>

LUTLP-1#2 Critical Warning
Combinatorial Loop  
42 LUT cells form a combinatorial loop. This can create a race condition. Timing analysis may not be accurate. The preferred resolution is to modify the design to remove combinatorial logic loops. To allow bitstream creation for designs with combinatorial logic loops (not recommended), use this command: set_property SEVERITY {Warning} [get_drc_checks LUTLP-1]. NOTE: When using the Vivado Runs infrastructure (e.g. launch_runs Tcl command), add this command to a .tcl file and add that file as a pre-hook for write_bitstream step for the implementation run. design_1_i/galois_ro_0/inst/egress_inferred_i_1, design_1_i/galois_ro_0/inst/egress_inferred_i_2, design_1_i/galois_ro_0/inst/egress_inferred_i_3, design_1_i/galois_ro_0/inst/egress_inferred_i_4, design_1_i/galois_ro_0/inst/egress_inferred_i_5, design_1_i/galois_ro_0/inst/egress_inferred_i_6, design_1_i/galois_ro_0/inst/egress_inferred_i_7, design_1_i/galois_ro_0/inst/egress_inferred_i_8, design_1_i/galois_ro_0/inst/egress_inferred_i_9, design_1_i/galois_ro_0/inst/egress_inferred_i_10, design_1_i/galois_ro_0/inst/egress_inferred_i_11, design_1_i/galois_ro_0/inst/egress_inferred_i_12, design_1_i/galois_ro_0/inst/egress_inferred_i_13, design_1_i/galois_ro_0/inst/egress_inferred_i_14, design_1_i/galois_ro_0/inst/egress_inferred_i_15 (the first 15 of 42 listed).
Related violations: <none>

CFGBVS-1#1 Warning
Missing CFGBVS and CONFIG_VOLTAGE Design Properties  
Neither the CFGBVS nor CONFIG_VOLTAGE voltage property is set in the current_design.  Configuration bank voltage select (CFGBVS) must be set to VCCO or GND, and CONFIG_VOLTAGE must be set to the correct configuration voltage, in order to determine the I/O voltage support for the pins in bank 0.  It is suggested to specify these either using the 'Edit Device Properties' function in the GUI or directly in the XDC file using the following syntax:

 set_property CFGBVS value1 [current_design]
 #where value1 is either VCCO or GND

 set_property CONFIG_VOLTAGE value2 [current_design]
 #where value2 is the voltage provided to configuration bank 0

Refer to the device configuration user guide for more information.
Related violations: <none>

PLIO-7#1 Warning
Placement Constraints Check for IO constraints  
An IO Bus FIXED_IO_mio[53:0] with more than one IO standard is found. Components associated with this bus are:  FIXED_IO_mio[53] of IOStandard LVCMOS18; FIXED_IO_mio[52] of IOStandard LVCMOS18; FIXED_IO_mio[51] of IOStandard LVCMOS18; FIXED_IO_mio[50] of IOStandard LVCMOS18; FIXED_IO_mio[49] of IOStandard LVCMOS18; FIXED_IO_mio[48] of IOStandard LVCMOS18; FIXED_IO_mio[47] of IOStandard LVCMOS18; FIXED_IO_mio[46] of IOStandard LVCMOS18; FIXED_IO_mio[45] of IOStandard LVCMOS18; FIXED_IO_mio[44] of IOStandard LVCMOS18; FIXED_IO_mio[43] of IOStandard LVCMOS18; FIXED_IO_mio[42] of IOStandard LVCMOS18; FIXED_IO_mio[41] of IOStandard LVCMOS18; FIXED_IO_mio[40] of IOStandard LVCMOS18; FIXED_IO_mio[39] of IOStandard LVCMOS18; FIXED_IO_mio[38] of IOStandard LVCMOS18; FIXED_IO_mio[37] of IOStandard LVCMOS18; FIXED_IO_mio[36] of IOStandard LVCMOS18; FIXED_IO_mio[35] of IOStandard LVCMOS18; FIXED_IO_mio[34] of IOStandard LVCMOS18; FIXED_IO_mio[33] of IOStandard LVCMOS18; FIXED_IO_mio[32] of IOStandard LVCMOS18; FIXED_IO_mio[31] of IOStandard LVCMOS18; FIXED_IO_mio[30] of IOStandard LVCMOS18; FIXED_IO_mio[29] of IOStandard LVCMOS18; FIXED_IO_mio[28] of IOStandard LVCMOS18; FIXED_IO_mio[27] of IOStandard LVCMOS18; FIXED_IO_mio[26] of IOStandard LVCMOS18; FIXED_IO_mio[25] of IOStandard LVCMOS18; FIXED_IO_mio[24] of IOStandard LVCMOS18; FIXED_IO_mio[23] of IOStandard LVCMOS18; FIXED_IO_mio[22] of IOStandard LVCMOS18; FIXED_IO_mio[21] of IOStandard LVCMOS18; FIXED_IO_mio[20] of IOStandard LVCMOS18; FIXED_IO_mio[19] of IOStandard LVCMOS18; FIXED_IO_mio[18] of IOStandard LVCMOS18; FIXED_IO_mio[17] of IOStandard LVCMOS18; FIXED_IO_mio[16] of IOStandard LVCMOS18; FIXED_IO_mio[15] of IOStandard LVCMOS33; FIXED_IO_mio[14] of IOStandard LVCMOS33; FIXED_IO_mio[13] of IOStandard LVCMOS33; FIXED_IO_mio[12] of IOStandard LVCMOS33; FIXED_IO_mio[11] of IOStandard LVCMOS33; FIXED_IO_mio[10] of IOStandard LVCMOS33; FIXED_IO_mio[9] of IOStandard LVCMOS33; FIXED_IO_mio[8] of IOStandard LVCMOS33; FIXED_IO_mio[7] of IOStandard LVCMOS33; FIXED_IO_mio[6] of IOStandard LVCMOS33; FIXED_IO_mio[5] of IOStandard LVCMOS33; FIXED_IO_mio[4] of IOStandard LVCMOS33; FIXED_IO_mio[3] of IOStandard LVCMOS33; FIXED_IO_mio[2] of IOStandard LVCMOS33; FIXED_IO_mio[1] of IOStandard LVCMOS33; FIXED_IO_mio[0] of IOStandard LVCMOS33;
Related violations: <none>

XDCB-1#1 Warning
Runtime intensive exceptions  
The following constraint contains more than 1000 objects. To preserve runtime and memory performance, it is recommended to include minimum number of objects. Check whether this list can be simplified.
-from = 1032
set_false_path -from [get_pins -hierarchical -filter {NAME =~ *allx_typeA_match_detection.ltlib_v1_0_allx_typeA_inst/DUT/I_WHOLE_SLICE.G_SLICE_IDX[*]....
/home/srihari/Hardware_securiy/UART_arm_core/Fiagaro_data_collect/Fiagaro_data_collect.srcs/sources_1/bd/design_1/ip/design_1_ila_0_0/ila_v5_0/constraints/ila.xdc (Line: 20)
Related violations: <none>


