#-----------------------------------------------------------
# Webtalk v2014.4 (64-bit)
# SW Build 1071353 on Tue Nov 18 16:48:31 MST 2014
# 
# Start of session at: Thu Apr 14 22:53:39 2016
# Process ID: 20847
# Log file: /home/srihari/Hardware_securiy/UART_arm_core/Fiagaro_data_collect/Fiagaro_data_collect.sdk/webtalk/webtalk.log
# Journal file: /home/srihari/Hardware_securiy/UART_arm_core/Fiagaro_data_collect/Fiagaro_data_collect.sdk/webtalk/webtalk.jou
#-----------------------------------------------------------
WARNING: [Common 17-204] Your XILINX environment variable is undefined. You will not be able to run Synthesis and Implementation using ISE based strategies, or import ngc netlists. Please set up your XILINX environment to get full functionality.
source sdk_webtalk.tcl
# webtalk_init -webtalk_dir /home/srihari/Hardware_securiy/UART_arm_core/Fiagaro_data_collect/Fiagaro_data_collect.sdk/webtalk
# webtalk_register_client -client project
# webtalk_add_data -client project -key date_generated -value "Thu Apr 14 22:53:38 2016" -context "software_version_and_target_device"
# webtalk_add_data -client project -key product_version -value "SDK v2014.4" -context "software_version_and_target_device"
# webtalk_add_data -client project -key build_version -value "2014.4" -context "software_version_and_target_device"
# webtalk_add_data -client project -key os_platform -value "amd64" -context "software_version_and_target_device"
# webtalk_add_data -client project -key registration_id -value "174679548_176449548_210570730_342" -context "software_version_and_target_device"
# webtalk_add_data -client project -key tool_flow -value "SDK" -context "software_version_and_target_device"
# webtalk_add_data -client project -key beta -value "false" -context "software_version_and_target_device"
# webtalk_add_data -client project -key route_design -value "NA" -context "software_version_and_target_device"
# webtalk_add_data -client project -key target_family -value "NA" -context "software_version_and_target_device"
# webtalk_add_data -client project -key target_device -value "NA" -context "software_version_and_target_device"
# webtalk_add_data -client project -key target_package -value "NA" -context "software_version_and_target_device"
# webtalk_add_data -client project -key target_speed -value "NA" -context "software_version_and_target_device"
# webtalk_add_data -client project -key random_id -value "vojbntir26euotff130ajdnusb" -context "software_version_and_target_device"
# webtalk_add_data -client project -key project_id -value "2014.4_4" -context "software_version_and_target_device"
# webtalk_add_data -client project -key project_iteration -value "4" -context "software_version_and_target_device"
# webtalk_add_data -client project -key os_name -value "Ubuntu" -context "user_environment"
# webtalk_add_data -client project -key os_release -value "Ubuntu 14.04.4 LTS" -context "user_environment"
# webtalk_add_data -client project -key cpu_name -value "Intel(R) Core(TM) i5-4210U CPU @ 1.70GHz" -context "user_environment"
# webtalk_add_data -client project -key cpu_speed -value "1200.000 MHz" -context "user_environment"
# webtalk_add_data -client project -key total_processors -value "1" -context "user_environment"
# webtalk_add_data -client project -key system_ram -value "8.000 GB" -context "user_environment"
# webtalk_register_client -client sdk
# webtalk_add_data -client sdk -key uid -value "1460687516000" -context "sdk\\\\bsp/1460687516000"
# webtalk_add_data -client sdk -key hwid -value "1460683595000" -context "sdk\\\\bsp/1460687516000"
# webtalk_add_data -client sdk -key os -value "standalone" -context "sdk\\\\bsp/1460687516000"
# webtalk_add_data -client sdk -key apptemplate -value "hello_world" -context "sdk\\\\bsp/1460687516000"
# webtalk_add_data -client sdk -key uid -value "1460687517000" -context "sdk\\\\application/1460687517000"
# webtalk_add_data -client sdk -key hwid -value "1460683595000" -context "sdk\\\\application/1460687517000"
# webtalk_add_data -client sdk -key bspid -value "1460687516000" -context "sdk\\\\application/1460687517000"
# webtalk_add_data -client sdk -key newbsp -value "true" -context "sdk\\\\application/1460687517000"
# webtalk_add_data -client sdk -key os -value "standalone" -context "sdk\\\\application/1460687517000"
# webtalk_add_data -client sdk -key apptemplate -value "hello_world" -context "sdk\\\\application/1460687517000"
# webtalk_transmit -clientid 1479168994 -regid "174679548_176449548_210570730_342" -xml /home/srihari/Hardware_securiy/UART_arm_core/Fiagaro_data_collect/Fiagaro_data_collect.sdk/webtalk/usage_statistics_ext_sdk.xml -html /home/srihari/Hardware_securiy/UART_arm_core/Fiagaro_data_collect/Fiagaro_data_collect.sdk/webtalk/usage_statistics_ext_sdk.html -wdm /home/srihari/Hardware_securiy/UART_arm_core/Fiagaro_data_collect/Fiagaro_data_collect.sdk/webtalk/sdk_webtalk.wdm -intro "<H3>SDK Usage Report</H3><BR>"
INFO: [Common 17-186] '/home/srihari/Hardware_securiy/UART_arm_core/Fiagaro_data_collect/Fiagaro_data_collect.sdk/webtalk/usage_statistics_ext_sdk.xml' has been successfully sent to Xilinx on Thu Apr 14 22:53:41 2016. For additional details about this file, please refer to the WebTalk help file at /doc/webtalk_introduction.html.
# webtalk_terminate
INFO: [Common 17-206] Exiting Webtalk at Thu Apr 14 22:53:41 2016...
