23:14:54 **** Auto Build of configuration Debug for project metastability_collect_data ****
make all 
Building file: ../src/helloworld.c
Invoking: ARM gcc compiler
arm-xilinx-eabi-gcc -Wall -O0 -g3 -c -fmessage-length=0 -MT"src/helloworld.o" -I../../metastability_collect_data_bsp/ps7_cortexa9_0/include -MMD -MP -MF"src/helloworld.d" -MT"src/helloworld.d" -o "src/helloworld.o" "../src/helloworld.c"
../src/helloworld.c: In function 'Handler':
../src/helloworld.c:599:3: warning: pointer targets in passing argument 2 of 'XUartPs_Send' differ in signedness [-Wpointer-sign]
   XUartPs_Send(&Uart_Ps, &test, 1) ;
   ^
In file included from ../src/helloworld.c:153:0:
../../metastability_collect_data_bsp/ps7_cortexa9_0/include/xuartps.h:447:14: note: expected 'u8 *' but argument is of type 'char *'
 unsigned int XUartPs_Send(XUartPs *InstancePtr, u8 *BufferPtr,
              ^
../src/helloworld.c:601:3: warning: pointer targets in passing argument 2 of 'XUartPs_Send' differ in signedness [-Wpointer-sign]
   XUartPs_Send(&Uart_Ps, &test, 1);
   ^
In file included from ../src/helloworld.c:153:0:
../../metastability_collect_data_bsp/ps7_cortexa9_0/include/xuartps.h:447:14: note: expected 'u8 *' but argument is of type 'char *'
 unsigned int XUartPs_Send(XUartPs *InstancePtr, u8 *BufferPtr,
              ^
../src/helloworld.c:603:3: warning: pointer targets in passing argument 2 of 'XUartPs_Send' differ in signedness [-Wpointer-sign]
   XUartPs_Send(&Uart_Ps, &test, 1);
   ^
In file included from ../src/helloworld.c:153:0:
../../metastability_collect_data_bsp/ps7_cortexa9_0/include/xuartps.h:447:14: note: expected 'u8 *' but argument is of type 'char *'
 unsigned int XUartPs_Send(XUartPs *InstancePtr, u8 *BufferPtr,
              ^
../src/helloworld.c:605:3: warning: pointer targets in passing argument 2 of 'XUartPs_Send' differ in signedness [-Wpointer-sign]
   XUartPs_Send(&Uart_Ps, &test, 1);
   ^
In file included from ../src/helloworld.c:153:0:
../../metastability_collect_data_bsp/ps7_cortexa9_0/include/xuartps.h:447:14: note: expected 'u8 *' but argument is of type 'char *'
 unsigned int XUartPs_Send(XUartPs *InstancePtr, u8 *BufferPtr,
              ^
../src/helloworld.c:607:3: warning: pointer targets in passing argument 2 of 'XUartPs_Send' differ in signedness [-Wpointer-sign]
   XUartPs_Send(&Uart_Ps, &test, 1);
   ^
In file included from ../src/helloworld.c:153:0:
../../metastability_collect_data_bsp/ps7_cortexa9_0/include/xuartps.h:447:14: note: expected 'u8 *' but argument is of type 'char *'
 unsigned int XUartPs_Send(XUartPs *InstancePtr, u8 *BufferPtr,
              ^
../src/helloworld.c:609:3: warning: pointer targets in passing argument 2 of 'XUartPs_Send' differ in signedness [-Wpointer-sign]
   XUartPs_Send(&Uart_Ps, &test, 1);
   ^
In file included from ../src/helloworld.c:153:0:
../../metastability_collect_data_bsp/ps7_cortexa9_0/include/xuartps.h:447:14: note: expected 'u8 *' but argument is of type 'char *'
 unsigned int XUartPs_Send(XUartPs *InstancePtr, u8 *BufferPtr,
              ^
../src/helloworld.c:615:4: warning: pointer targets in passing argument 2 of 'XUartPs_Send' differ in signedness [-Wpointer-sign]
    XUartPs_Send(&Uart_Ps, &test, 1) ;
    ^
In file included from ../src/helloworld.c:153:0:
../../metastability_collect_data_bsp/ps7_cortexa9_0/include/xuartps.h:447:14: note: expected 'u8 *' but argument is of type 'char *'
 unsigned int XUartPs_Send(XUartPs *InstancePtr, u8 *BufferPtr,
              ^
../src/helloworld.c:617:4: warning: pointer targets in passing argument 2 of 'XUartPs_Send' differ in signedness [-Wpointer-sign]
    XUartPs_Send(&Uart_Ps, &test, 1);
    ^
In file included from ../src/helloworld.c:153:0:
../../metastability_collect_data_bsp/ps7_cortexa9_0/include/xuartps.h:447:14: note: expected 'u8 *' but argument is of type 'char *'
 unsigned int XUartPs_Send(XUartPs *InstancePtr, u8 *BufferPtr,
              ^
../src/helloworld.c:619:4: warning: pointer targets in passing argument 2 of 'XUartPs_Send' differ in signedness [-Wpointer-sign]
    XUartPs_Send(&Uart_Ps, &test, 1);
    ^
In file included from ../src/helloworld.c:153:0:
../../metastability_collect_data_bsp/ps7_cortexa9_0/include/xuartps.h:447:14: note: expected 'u8 *' but argument is of type 'char *'
 unsigned int XUartPs_Send(XUartPs *InstancePtr, u8 *BufferPtr,
              ^
../src/helloworld.c:621:4: warning: pointer targets in passing argument 2 of 'XUartPs_Send' differ in signedness [-Wpointer-sign]
    XUartPs_Send(&Uart_Ps, &test, 1);
    ^
In file included from ../src/helloworld.c:153:0:
../../metastability_collect_data_bsp/ps7_cortexa9_0/include/xuartps.h:447:14: note: expected 'u8 *' but argument is of type 'char *'
 unsigned int XUartPs_Send(XUartPs *InstancePtr, u8 *BufferPtr,
              ^
../src/helloworld.c:623:4: warning: pointer targets in passing argument 2 of 'XUartPs_Send' differ in signedness [-Wpointer-sign]
    XUartPs_Send(&Uart_Ps, &test, 1);
    ^
In file included from ../src/helloworld.c:153:0:
../../metastability_collect_data_bsp/ps7_cortexa9_0/include/xuartps.h:447:14: note: expected 'u8 *' but argument is of type 'char *'
 unsigned int XUartPs_Send(XUartPs *InstancePtr, u8 *BufferPtr,
              ^
../src/helloworld.c:625:4: warning: pointer targets in passing argument 2 of 'XUartPs_Send' differ in signedness [-Wpointer-sign]
    XUartPs_Send(&Uart_Ps, &test, 1);
    ^
In file included from ../src/helloworld.c:153:0:
../../metastability_collect_data_bsp/ps7_cortexa9_0/include/xuartps.h:447:14: note: expected 'u8 *' but argument is of type 'char *'
 unsigned int XUartPs_Send(XUartPs *InstancePtr, u8 *BufferPtr,
              ^
../src/helloworld.c: At top level:
../src/helloworld.c:174:11: warning: 'RecvBuffer' defined but not used [-Wunused-variable]
 static u8 RecvBuffer[TEST_BUFFER_SIZE]; /* Buffer for Receiving Data */
           ^
Finished building: ../src/helloworld.c
 
Building target: metastability_collect_data.elf
Invoking: ARM gcc linker
arm-xilinx-eabi-gcc -Wl,-T -Wl,../src/lscript.ld -L../../metastability_collect_data_bsp/ps7_cortexa9_0/lib -o "metastability_collect_data.elf"  ./src/helloworld.o ./src/platform.o   -Wl,--start-group,-lxil,-lgcc,-lc,--end-group
Finished building target: metastability_collect_data.elf
 
Invoking: ARM Print Size
arm-xilinx-eabi-size metastability_collect_data.elf  |tee "metastability_collect_data.elf.size"
   text	   data	    bss	    dec	    hex	filename
  34888	   2040	  22756	  59684	   e924	metastability_collect_data.elf
Finished building: metastability_collect_data.elf.size
 

23:14:55 Build Finished (took 213ms)

