23:17:12 INFO  : Processing command line option -hwspec /home/srihari/Hardware_securiy/Metastability_only_coarse_data_collect/sdk_fix/metastable_ro_wrapper.hdf.
23:17:20 WARN  : Unable to obtain port 2450 for use by XSDB Server, java.net.BindException: Address already in use
23:17:20 WARN  : Unable to obtain port 2457 for use by XSDB Server, java.net.BindException: Address already in use
23:17:20 WARN  : Unable to obtain port 2464 for use by XSDB Server, java.net.BindException: Address already in use
23:17:20 WARN  : Unable to obtain port 2471 for use by XSDB Server, java.net.BindException: Address already in use
23:17:20 INFO  : Launching XSDB server: xsdb -s /opt/Xilinx/SDK/2014.4/scripts/xsdb/xsdb/xsdb-server.tcl 2478
23:19:19 WARN  : Unable to obtain port 2350 for use by XMD, java.net.BindException: Address already in use
23:19:22 ERROR : Unexpected error while launching program.
com.xilinx.sdk.targetmanager.TMException: 
    Failed to claim JTAG Device 1 for debug. Check if it's
    in use by other client for debug


	at com.xilinx.sdk.targetmanager.internal.TM.connectToProcessor(TM.java:481)
	at com.xilinx.sdk.debug.core.XilinxAppLaunchConfigurationDelegate.runTargetSetup(XilinxAppLaunchConfigurationDelegate.java:432)
	at com.xilinx.sdk.debug.core.XilinxAppLaunchConfigurationDelegate.runApplication(XilinxAppLaunchConfigurationDelegate.java:584)
	at com.xilinx.sdk.debug.core.XilinxAppLaunchConfigurationDelegate.launch(XilinxAppLaunchConfigurationDelegate.java:293)
	at com.xilinx.sdk.debug.ui.XilinxAppLaunchDelegateWrapper.launch(XilinxAppLaunchDelegateWrapper.java:31)
	at org.eclipse.debug.internal.core.LaunchConfiguration.launch(LaunchConfiguration.java:858)
	at org.eclipse.debug.internal.core.LaunchConfiguration.launch(LaunchConfiguration.java:707)
	at org.eclipse.debug.internal.ui.DebugUIPlugin.buildAndLaunch(DebugUIPlugin.java:1018)
	at org.eclipse.debug.internal.ui.DebugUIPlugin$8.run(DebugUIPlugin.java:1222)
	at org.eclipse.core.internal.jobs.Worker.run(Worker.java:53)
23:19:59 INFO  : System reset is completed.
23:20:01 INFO  : FPGA configured successfully with bitstream "/home/srihari/Hardware_securiy/Metastability_only_coarse_data_collect/sdk_fix/metastable_ro_wrapper_hw_platform_0/metastable_ro_wrapper.bit"
23:20:02 INFO  : ps7_init is completed.
23:20:02 INFO  : ps7_post_config is completed.
23:26:54 INFO  : ps7_cortexa9_0 Processor is in use. Please stop existing Run or Debug sessions before launching.
23:26:56 INFO  : Processor reset is completed for ps7_cortexa9_0
23:27:28 INFO  : ps7_cortexa9_0 Processor is in use. Please stop existing Run or Debug sessions before launching.
23:27:30 INFO  : Processor reset is completed for ps7_cortexa9_0
23:40:12 INFO  : ps7_cortexa9_0 Processor is in use. Please stop existing Run or Debug sessions before launching.
23:40:13 INFO  : Processor reset is completed for ps7_cortexa9_0
23:48:32 INFO  : ps7_cortexa9_0 Processor is in use. Please stop existing Run or Debug sessions before launching.
23:48:34 INFO  : Processor reset is completed for ps7_cortexa9_0
13:03:50 INFO  : Processing command line option -hwspec /home/srihari/Hardware_securiy/Metastability_only_coarse_data_collect/sdk_fix/metastable_ro_wrapper.hdf.
13:03:52 WARN  : Unable to obtain port 2450 for use by XSDB Server, java.net.BindException: Address already in use
13:03:52 WARN  : Unable to obtain port 2457 for use by XSDB Server, java.net.BindException: Address already in use
13:03:52 INFO  : Launching XSDB server: xsdb -s /opt/Xilinx/SDK/2014.4/scripts/xsdb/xsdb/xsdb-server.tcl 2464
13:03:52 INFO  : Checking for hwspec changes in the project metastable_ro_wrapper_hw_platform_0.
13:09:07 INFO  : Processing command line option -hwspec /home/srihari/Hardware_securiy/Metastability_only_coarse_data_collect/sdk_fix/metastable_ro_wrapper.hdf.
13:09:08 WARN  : Unable to obtain port 2450 for use by XSDB Server, java.net.BindException: Address already in use
13:09:08 WARN  : Unable to obtain port 2457 for use by XSDB Server, java.net.BindException: Address already in use
13:09:09 INFO  : Launching XSDB server: xsdb -s /opt/Xilinx/SDK/2014.4/scripts/xsdb/xsdb/xsdb-server.tcl 2464
13:09:09 INFO  : Checking for hwspec changes in the project metastable_ro_wrapper_hw_platform_0.
13:30:58 INFO  : ps7_init is completed.
13:30:58 INFO  : ps7_post_config is completed.
13:30:58 INFO  : Processor reset is completed for ps7_cortexa9_0
13:46:35 INFO  : ps7_cortexa9_0 Processor is in use. Please stop existing Run or Debug sessions before launching.
13:46:37 INFO  : Processor reset is completed for ps7_cortexa9_0
13:47:25 INFO  : ps7_cortexa9_0 Processor is in use. Please stop existing Run or Debug sessions before launching.
13:47:27 INFO  : Processor reset is completed for ps7_cortexa9_0
13:48:33 INFO  : ps7_cortexa9_0 Processor is in use. Please stop existing Run or Debug sessions before launching.
13:48:34 INFO  : Processor reset is completed for ps7_cortexa9_0
13:49:06 INFO  : ps7_cortexa9_0 Processor is in use. Please stop existing Run or Debug sessions before launching.
13:49:08 INFO  : Processor reset is completed for ps7_cortexa9_0
13:49:50 INFO  : ps7_cortexa9_0 Processor is in use. Please stop existing Run or Debug sessions before launching.
13:49:52 INFO  : Processor reset is completed for ps7_cortexa9_0
13:50:41 INFO  : ps7_cortexa9_0 Processor is in use. Please stop existing Run or Debug sessions before launching.
13:50:43 INFO  : Processor reset is completed for ps7_cortexa9_0
13:52:04 INFO  : ps7_cortexa9_0 Processor is in use. Please stop existing Run or Debug sessions before launching.
13:52:05 INFO  : Processor reset is completed for ps7_cortexa9_0
13:52:42 INFO  : ps7_cortexa9_0 Processor is in use. Please stop existing Run or Debug sessions before launching.
13:52:43 INFO  : Processor reset is completed for ps7_cortexa9_0
13:54:34 INFO  : ps7_cortexa9_0 Processor is in use. Please stop existing Run or Debug sessions before launching.
13:54:36 INFO  : Processor reset is completed for ps7_cortexa9_0
13:57:35 INFO  : ps7_cortexa9_0 Processor is in use. Please stop existing Run or Debug sessions before launching.
13:57:39 INFO  : Processor reset is completed for ps7_cortexa9_0
13:59:35 INFO  : ps7_cortexa9_0 Processor is in use. Please stop existing Run or Debug sessions before launching.
13:59:36 INFO  : Processor reset is completed for ps7_cortexa9_0
14:00:58 INFO  : ps7_cortexa9_0 Processor is in use. Please stop existing Run or Debug sessions before launching.
14:00:59 INFO  : Processor reset is completed for ps7_cortexa9_0
14:05:36 INFO  : ps7_cortexa9_0 Processor is in use. Please stop existing Run or Debug sessions before launching.
14:05:38 INFO  : Processor reset is completed for ps7_cortexa9_0
14:07:43 INFO  : ps7_cortexa9_0 Processor is in use. Please stop existing Run or Debug sessions before launching.
14:07:45 INFO  : Processor reset is completed for ps7_cortexa9_0
16:26:25 INFO  : ps7_init is completed.
16:26:25 INFO  : ps7_post_config is completed.
16:26:25 INFO  : Processor reset is completed for ps7_cortexa9_0
16:27:48 INFO  : ps7_cortexa9_0 Processor is in use. Please stop existing Run or Debug sessions before launching.
16:27:50 INFO  : Processor reset is completed for ps7_cortexa9_0
16:30:12 INFO  : ps7_cortexa9_0 Processor is in use. Please stop existing Run or Debug sessions before launching.
16:30:13 INFO  : Processor reset is completed for ps7_cortexa9_0
16:30:37 INFO  : ps7_cortexa9_0 Processor is in use. Please stop existing Run or Debug sessions before launching.
16:30:39 INFO  : Processor reset is completed for ps7_cortexa9_0
16:31:15 INFO  : ps7_cortexa9_0 Processor is in use. Please stop existing Run or Debug sessions before launching.
16:31:17 INFO  : Processor reset is completed for ps7_cortexa9_0
16:32:29 INFO  : ps7_cortexa9_0 Processor is in use. Please stop existing Run or Debug sessions before launching.
16:32:31 INFO  : Processor reset is completed for ps7_cortexa9_0
16:33:36 INFO  : ps7_cortexa9_0 Processor is in use. Please stop existing Run or Debug sessions before launching.
16:33:38 INFO  : System reset is completed.
16:33:40 INFO  : FPGA configured successfully with bitstream "/home/srihari/Hardware_securiy/Metastability_only_coarse_data_collect/sdk_fix/metastable_ro_wrapper_hw_platform_0/metastable_ro_wrapper.bit"
16:33:41 INFO  : ps7_init is completed.
16:33:41 INFO  : ps7_post_config is completed.
16:34:09 INFO  : ps7_cortexa9_0 Processor is in use. Please stop existing Run or Debug sessions before launching.
16:34:10 INFO  : System reset is completed.
16:34:13 INFO  : FPGA configured successfully with bitstream "/home/srihari/Hardware_securiy/Metastability_only_coarse_data_collect/sdk_fix/metastable_ro_wrapper_hw_platform_0/metastable_ro_wrapper.bit"
16:34:13 INFO  : ps7_init is completed.
16:34:13 INFO  : ps7_post_config is completed.
16:34:34 INFO  : ps7_cortexa9_0 Processor is in use. Please stop existing Run or Debug sessions before launching.
16:34:36 INFO  : System reset is completed.
16:34:38 INFO  : FPGA configured successfully with bitstream "/home/srihari/Hardware_securiy/Metastability_only_coarse_data_collect/sdk_fix/metastable_ro_wrapper_hw_platform_0/metastable_ro_wrapper.bit"
16:34:39 INFO  : ps7_init is completed.
16:34:39 INFO  : ps7_post_config is completed.
16:35:40 INFO  : ps7_cortexa9_0 Processor is in use. Please stop existing Run or Debug sessions before launching.
16:35:41 INFO  : System reset is completed.
16:35:44 INFO  : FPGA configured successfully with bitstream "/home/srihari/Hardware_securiy/Metastability_only_coarse_data_collect/sdk_fix/metastable_ro_wrapper_hw_platform_0/metastable_ro_wrapper.bit"
16:35:44 INFO  : ps7_init is completed.
16:35:44 INFO  : ps7_post_config is completed.
16:36:12 INFO  : ps7_cortexa9_0 Processor is in use. Please stop existing Run or Debug sessions before launching.
16:36:14 INFO  : System reset is completed.
16:36:17 INFO  : FPGA configured successfully with bitstream "/home/srihari/Hardware_securiy/Metastability_only_coarse_data_collect/sdk_fix/metastable_ro_wrapper_hw_platform_0/metastable_ro_wrapper.bit"
16:36:18 INFO  : ps7_init is completed.
16:36:18 INFO  : ps7_post_config is completed.
16:37:27 INFO  : ps7_cortexa9_0 Processor is in use. Please stop existing Run or Debug sessions before launching.
16:37:28 INFO  : System reset is completed.
16:37:31 INFO  : FPGA configured successfully with bitstream "/home/srihari/Hardware_securiy/Metastability_only_coarse_data_collect/sdk_fix/metastable_ro_wrapper_hw_platform_0/metastable_ro_wrapper.bit"
16:37:32 INFO  : ps7_init is completed.
16:37:32 INFO  : ps7_post_config is completed.
16:40:04 INFO  : System reset is completed.
16:40:07 INFO  : FPGA configured successfully with bitstream "/home/srihari/Hardware_securiy/Metastability_only_coarse_data_collect/sdk_fix/metastable_ro_wrapper_hw_platform_0/metastable_ro_wrapper.bit"
16:40:07 INFO  : ps7_init is completed.
16:40:07 INFO  : ps7_post_config is completed.
16:42:25 INFO  : ps7_cortexa9_0 Processor is in use. Please stop existing Run or Debug sessions before launching.
16:42:26 INFO  : System reset is completed.
16:42:29 INFO  : FPGA configured successfully with bitstream "/home/srihari/Hardware_securiy/Metastability_only_coarse_data_collect/sdk_fix/metastable_ro_wrapper_hw_platform_0/metastable_ro_wrapper.bit"
16:42:29 INFO  : ps7_init is completed.
16:42:30 INFO  : ps7_post_config is completed.
16:42:50 INFO  : ps7_cortexa9_0 Processor is in use. Please stop existing Run or Debug sessions before launching.
16:42:51 INFO  : Processor reset is completed for ps7_cortexa9_0
16:43:35 INFO  : ps7_cortexa9_0 Processor is in use. Please stop existing Run or Debug sessions before launching.
16:43:37 INFO  : Processor reset is completed for ps7_cortexa9_0
16:43:42 INFO  : ps7_cortexa9_0 Processor is in use. Please stop existing Run or Debug sessions before launching.
16:43:43 INFO  : System reset is completed.
16:43:46 INFO  : FPGA configured successfully with bitstream "/home/srihari/Hardware_securiy/Metastability_only_coarse_data_collect/sdk_fix/metastable_ro_wrapper_hw_platform_0/metastable_ro_wrapper.bit"
16:43:46 INFO  : ps7_init is completed.
16:43:47 INFO  : ps7_post_config is completed.
16:46:17 INFO  : ps7_cortexa9_0 Processor is in use. Please stop existing Run or Debug sessions before launching.
16:46:19 INFO  : System reset is completed.
16:46:22 INFO  : FPGA configured successfully with bitstream "/home/srihari/Hardware_securiy/Metastability_only_coarse_data_collect/sdk_fix/metastable_ro_wrapper_hw_platform_0/metastable_ro_wrapper.bit"
16:46:22 INFO  : ps7_init is completed.
16:46:22 INFO  : ps7_post_config is completed.
16:55:39 INFO  : System reset is completed.
16:55:42 INFO  : FPGA configured successfully with bitstream "/home/srihari/Hardware_securiy/Metastability_only_coarse_data_collect/sdk_fix/metastable_ro_wrapper_hw_platform_0/metastable_ro_wrapper.bit"
16:55:42 INFO  : ps7_init is completed.
16:55:42 INFO  : ps7_post_config is completed.
16:56:48 INFO  : ps7_cortexa9_0 Processor is in use. Please stop existing Run or Debug sessions before launching.
16:56:49 INFO  : System reset is completed.
16:56:52 INFO  : FPGA configured successfully with bitstream "/home/srihari/Hardware_securiy/Metastability_only_coarse_data_collect/sdk_fix/metastable_ro_wrapper_hw_platform_0/metastable_ro_wrapper.bit"
16:56:53 INFO  : ps7_init is completed.
16:56:53 INFO  : ps7_post_config is completed.
16:57:15 INFO  : ps7_cortexa9_0 Processor is in use. Please stop existing Run or Debug sessions before launching.
16:57:17 INFO  : System reset is completed.
16:57:20 INFO  : FPGA configured successfully with bitstream "/home/srihari/Hardware_securiy/Metastability_only_coarse_data_collect/sdk_fix/metastable_ro_wrapper_hw_platform_0/metastable_ro_wrapper.bit"
16:57:20 INFO  : ps7_init is completed.
16:57:20 INFO  : ps7_post_config is completed.
17:48:17 ERROR : Unexpected error while launching program.
com.xilinx.sdk.targetmanager.TMException: 
    Failed to claim JTAG Device 1 for debug. Check if it's
    in use by other client for debug


	at com.xilinx.sdk.targetmanager.internal.TM.connectToProcessor(TM.java:481)
	at com.xilinx.sdk.debug.core.XilinxAppLaunchConfigurationDelegate.runTargetSetup(XilinxAppLaunchConfigurationDelegate.java:432)
	at com.xilinx.sdk.debug.core.XilinxAppLaunchConfigurationDelegate.runApplication(XilinxAppLaunchConfigurationDelegate.java:584)
	at com.xilinx.sdk.debug.core.XilinxAppLaunchConfigurationDelegate.launch(XilinxAppLaunchConfigurationDelegate.java:293)
	at com.xilinx.sdk.debug.ui.XilinxAppLaunchDelegateWrapper.launch(XilinxAppLaunchDelegateWrapper.java:31)
	at org.eclipse.debug.internal.core.LaunchConfiguration.launch(LaunchConfiguration.java:858)
	at org.eclipse.debug.internal.core.LaunchConfiguration.launch(LaunchConfiguration.java:707)
	at org.eclipse.debug.internal.ui.DebugUIPlugin.buildAndLaunch(DebugUIPlugin.java:1018)
	at org.eclipse.debug.internal.ui.DebugUIPlugin$8.run(DebugUIPlugin.java:1222)
	at org.eclipse.core.internal.jobs.Worker.run(Worker.java:53)
17:48:28 INFO  : System reset is completed.
17:48:30 INFO  : FPGA configured successfully with bitstream "/home/srihari/Hardware_securiy/Metastability_only_coarse_data_collect/sdk_fix/metastable_ro_wrapper_hw_platform_0/metastable_ro_wrapper.bit"
17:48:31 INFO  : ps7_init is completed.
17:48:31 INFO  : ps7_post_config is completed.
17:50:59 INFO  : ps7_cortexa9_0 Processor is in use. Please stop existing Run or Debug sessions before launching.
17:51:00 INFO  : System reset is completed.
17:51:03 INFO  : FPGA configured successfully with bitstream "/home/srihari/Hardware_securiy/Metastability_only_coarse_data_collect/sdk_fix/metastable_ro_wrapper_hw_platform_0/metastable_ro_wrapper.bit"
17:51:04 INFO  : ps7_init is completed.
17:51:04 INFO  : ps7_post_config is completed.
17:52:01 INFO  : ps7_cortexa9_0 Processor is in use. Please stop existing Run or Debug sessions before launching.
17:52:03 INFO  : Processor reset is completed for ps7_cortexa9_0
17:52:16 INFO  : ps7_cortexa9_0 Processor is in use. Please stop existing Run or Debug sessions before launching.
17:52:17 INFO  : Processor reset is completed for ps7_cortexa9_0
17:52:27 INFO  : ps7_cortexa9_0 Processor is in use. Please stop existing Run or Debug sessions before launching.
17:52:29 INFO  : System reset is completed.
17:52:32 INFO  : FPGA configured successfully with bitstream "/home/srihari/Hardware_securiy/Metastability_only_coarse_data_collect/sdk_fix/metastable_ro_wrapper_hw_platform_0/metastable_ro_wrapper.bit"
17:52:33 INFO  : ps7_init is completed.
17:52:33 INFO  : ps7_post_config is completed.
17:53:09 INFO  : ps7_cortexa9_0 Processor is in use. Please stop existing Run or Debug sessions before launching.
17:53:11 INFO  : System reset is completed.
17:53:14 INFO  : FPGA configured successfully with bitstream "/home/srihari/Hardware_securiy/Metastability_only_coarse_data_collect/sdk_fix/metastable_ro_wrapper_hw_platform_0/metastable_ro_wrapper.bit"
17:53:14 INFO  : ps7_init is completed.
17:53:14 INFO  : ps7_post_config is completed.
17:58:26 INFO  : ps7_cortexa9_0 Processor is in use. Please stop existing Run or Debug sessions before launching.
17:58:28 INFO  : System reset is completed.
17:58:32 INFO  : FPGA configured successfully with bitstream "/home/srihari/Hardware_securiy/Metastability_only_coarse_data_collect/sdk_fix/metastable_ro_wrapper_hw_platform_0/metastable_ro_wrapper.bit"
17:58:32 INFO  : ps7_init is completed.
17:58:32 INFO  : ps7_post_config is completed.
18:09:40 INFO  : ps7_cortexa9_0 Processor is in use. Please stop existing Run or Debug sessions before launching.
18:09:41 INFO  : System reset is completed.
18:09:44 INFO  : FPGA configured successfully with bitstream "/home/srihari/Hardware_securiy/Metastability_only_coarse_data_collect/sdk_fix/metastable_ro_wrapper_hw_platform_0/metastable_ro_wrapper.bit"
18:09:44 INFO  : ps7_init is completed.
18:09:44 INFO  : ps7_post_config is completed.
18:11:56 INFO  : ps7_cortexa9_0 Processor is in use. Please stop existing Run or Debug sessions before launching.
18:11:58 INFO  : System reset is completed.
18:12:01 INFO  : FPGA configured successfully with bitstream "/home/srihari/Hardware_securiy/Metastability_only_coarse_data_collect/sdk_fix/metastable_ro_wrapper_hw_platform_0/metastable_ro_wrapper.bit"
18:12:01 INFO  : ps7_init is completed.
18:12:01 INFO  : ps7_post_config is completed.
18:12:52 INFO  : ps7_cortexa9_0 Processor is in use. Please stop existing Run or Debug sessions before launching.
18:12:53 INFO  : System reset is completed.
18:12:56 INFO  : FPGA configured successfully with bitstream "/home/srihari/Hardware_securiy/Metastability_only_coarse_data_collect/sdk_fix/metastable_ro_wrapper_hw_platform_0/metastable_ro_wrapper.bit"
18:12:56 INFO  : ps7_init is completed.
18:12:56 INFO  : ps7_post_config is completed.
18:13:40 INFO  : ps7_cortexa9_0 Processor is in use. Please stop existing Run or Debug sessions before launching.
18:13:49 INFO  : Processor reset is completed for ps7_cortexa9_0
18:14:45 INFO  : ps7_cortexa9_0 Processor is in use. Please stop existing Run or Debug sessions before launching.
18:14:50 INFO  : Processor reset is completed for ps7_cortexa9_0
18:15:01 INFO  : ps7_cortexa9_0 Processor is in use. Please stop existing Run or Debug sessions before launching.
18:15:05 INFO  : Processor reset is completed for ps7_cortexa9_0
18:15:08 INFO  : ps7_cortexa9_0 Processor is in use. Please stop existing Run or Debug sessions before launching.
18:15:13 INFO  : ps7_cortexa9_0 Processor is in use. Please stop existing Run or Debug sessions before launching.
18:15:14 INFO  : System reset is completed.
18:15:17 INFO  : FPGA configured successfully with bitstream "/home/srihari/Hardware_securiy/Metastability_only_coarse_data_collect/sdk_fix/metastable_ro_wrapper_hw_platform_0/metastable_ro_wrapper.bit"
18:15:17 INFO  : ps7_init is completed.
18:15:17 INFO  : ps7_post_config is completed.
18:16:24 INFO  : ps7_cortexa9_0 Processor is in use. Please stop existing Run or Debug sessions before launching.
18:16:25 INFO  : System reset is completed.
18:16:28 INFO  : FPGA configured successfully with bitstream "/home/srihari/Hardware_securiy/Metastability_only_coarse_data_collect/sdk_fix/metastable_ro_wrapper_hw_platform_0/metastable_ro_wrapper.bit"
18:16:28 INFO  : ps7_init is completed.
18:16:28 INFO  : ps7_post_config is completed.
18:25:38 INFO  : ps7_init is completed.
18:25:38 INFO  : ps7_post_config is completed.
18:25:38 INFO  : Processor reset is completed for ps7_cortexa9_0
18:31:29 INFO  : ps7_cortexa9_0 Processor is in use. Please stop existing Run or Debug sessions before launching.
18:31:31 INFO  : Processor reset is completed for ps7_cortexa9_0
18:32:25 ERROR : Unexpected error while parsing XMD response ￿: com.google.gson.JsonSyntaxException: com.google.gson.stream.MalformedJsonException: invalid number or unquoted string near 
19:25:21 INFO  : Processing command line option -hwspec /home/srihari/Hardware_securiy/Metastability_only_coarse_data_collect/sdk_fix/metastable_ro_wrapper.hdf.
19:25:22 WARN  : Unable to obtain port 2450 for use by XSDB Server, java.net.BindException: Address already in use
19:25:22 WARN  : Unable to obtain port 2457 for use by XSDB Server, java.net.BindException: Address already in use
19:25:23 INFO  : Launching XSDB server: xsdb -s /opt/Xilinx/SDK/2014.4/scripts/xsdb/xsdb/xsdb-server.tcl 2464
19:25:23 INFO  : Checking for hwspec changes in the project metastable_ro_wrapper_hw_platform_0.
19:30:27 INFO  : ps7_init is completed.
19:30:27 INFO  : ps7_post_config is completed.
19:30:27 INFO  : Processor reset is completed for ps7_cortexa9_0
19:38:23 INFO  : ps7_cortexa9_0 Processor is in use. Please stop existing Run or Debug sessions before launching.
19:38:25 INFO  : Processor reset is completed for ps7_cortexa9_0
19:41:08 INFO  : ps7_cortexa9_0 Processor is in use. Please stop existing Run or Debug sessions before launching.
19:41:10 INFO  : Processor reset is completed for ps7_cortexa9_0
19:44:10 INFO  : ps7_cortexa9_0 Processor is in use. Please stop existing Run or Debug sessions before launching.
19:44:12 INFO  : Processor reset is completed for ps7_cortexa9_0
19:51:33 INFO  : ps7_cortexa9_0 Processor is in use. Please stop existing Run or Debug sessions before launching.
19:51:34 INFO  : Processor reset is completed for ps7_cortexa9_0
19:53:27 INFO  : ps7_cortexa9_0 Processor is in use. Please stop existing Run or Debug sessions before launching.
19:53:28 INFO  : Processor reset is completed for ps7_cortexa9_0
19:54:25 INFO  : ps7_cortexa9_0 Processor is in use. Please stop existing Run or Debug sessions before launching.
19:54:26 INFO  : Processor reset is completed for ps7_cortexa9_0
19:55:35 INFO  : ps7_cortexa9_0 Processor is in use. Please stop existing Run or Debug sessions before launching.
19:55:44 ERROR : Unexpected error while launching program.
java.lang.RuntimeException: Error in Resetting Target

    Could not stop the processor after reset


	at com.xilinx.sdk.targetmanager.internal.TM.doProcessorReset(TM.java:991)
	at com.xilinx.sdk.debug.core.XilinxAppLaunchConfigurationDelegate.runTargetSetup(XilinxAppLaunchConfigurationDelegate.java:502)
	at com.xilinx.sdk.debug.core.XilinxAppLaunchConfigurationDelegate.runApplication(XilinxAppLaunchConfigurationDelegate.java:584)
	at com.xilinx.sdk.debug.core.XilinxAppLaunchConfigurationDelegate.launch(XilinxAppLaunchConfigurationDelegate.java:293)
	at com.xilinx.sdk.debug.ui.XilinxAppLaunchDelegateWrapper.launch(XilinxAppLaunchDelegateWrapper.java:31)
	at org.eclipse.debug.internal.core.LaunchConfiguration.launch(LaunchConfiguration.java:858)
	at org.eclipse.debug.internal.core.LaunchConfiguration.launch(LaunchConfiguration.java:707)
	at org.eclipse.debug.internal.ui.DebugUIPlugin.buildAndLaunch(DebugUIPlugin.java:1018)
	at org.eclipse.debug.internal.ui.DebugUIPlugin$8.run(DebugUIPlugin.java:1222)
	at org.eclipse.core.internal.jobs.Worker.run(Worker.java:53)
20:17:00 INFO  : SDK has detected change in the last modified timestamps for source hardware specification file Source:1462061740000,  Project:1461982074000
20:17:00 INFO  : Project metastable_ro_wrapper_hw_platform_0's source hardware specification located at /home/srihari/Hardware_securiy/Metastability_only_coarse_data_collect/sdk_fix/metastable_ro_wrapper.hdf is now different from the local copy.
		 The local copy will be replaced with the source specification and your workspace will be updated.
20:17:06 INFO  : Copied contents of /home/srihari/Hardware_securiy/Metastability_only_coarse_data_collect/sdk_fix/metastable_ro_wrapper.hdf into /metastable_ro_wrapper_hw_platform_0/system.hdf.
20:17:16 INFO  : Synchronizing projects in the workspace with the hardware platform specification changes.
20:17:25 INFO  : 
20:17:27 INFO  : Updating hardware inferred compiler options for data_log.
20:17:27 INFO  : Clearing existing target manager status.
20:17:53 INFO  : System reset is completed.
20:17:55 INFO  : FPGA configured successfully with bitstream "/home/srihari/Hardware_securiy/Metastability_only_coarse_data_collect/sdk_fix/metastable_ro_wrapper_hw_platform_0/metastable_ro_wrapper.bit"
20:17:56 INFO  : ps7_init is completed.
20:17:56 INFO  : ps7_post_config is completed.
20:30:48 INFO  : SDK has detected change in the last modified timestamps for source hardware specification file Source:1462062571000,  Project:1462061740000
20:30:48 INFO  : Project metastable_ro_wrapper_hw_platform_0's source hardware specification located at /home/srihari/Hardware_securiy/Metastability_only_coarse_data_collect/sdk_fix/metastable_ro_wrapper.hdf is now different from the local copy.
		 The local copy will be replaced with the source specification and your workspace will be updated.
20:30:57 INFO  : Copied contents of /home/srihari/Hardware_securiy/Metastability_only_coarse_data_collect/sdk_fix/metastable_ro_wrapper.hdf into /metastable_ro_wrapper_hw_platform_0/system.hdf.
20:31:06 INFO  : Synchronizing projects in the workspace with the hardware platform specification changes.
20:31:14 INFO  : 
20:31:16 INFO  : Updating hardware inferred compiler options for data_log.
20:31:16 INFO  : Clearing existing target manager status.
20:31:42 INFO  : System reset is completed.
20:31:46 INFO  : FPGA configured successfully with bitstream "/home/srihari/Hardware_securiy/Metastability_only_coarse_data_collect/sdk_fix/metastable_ro_wrapper_hw_platform_0/metastable_ro_wrapper.bit"
20:31:52 ERROR : Unexpected error while launching program.
java.lang.RuntimeException: Error while running ps7_init method.
Cannot write to target


    AP transaction error (DP CTRL_STAT=0xf0000021)
    Error Address = 0xf8000008


	at com.xilinx.sdk.targetmanager.internal.TM.run_ps7_init(TM.java:1069)
	at com.xilinx.sdk.debug.core.XilinxAppLaunchConfigurationDelegate.runTargetSetup(XilinxAppLaunchConfigurationDelegate.java:482)
	at com.xilinx.sdk.debug.core.XilinxAppLaunchConfigurationDelegate.runApplication(XilinxAppLaunchConfigurationDelegate.java:584)
	at com.xilinx.sdk.debug.core.XilinxAppLaunchConfigurationDelegate.launch(XilinxAppLaunchConfigurationDelegate.java:293)
	at com.xilinx.sdk.debug.ui.XilinxAppLaunchDelegateWrapper.launch(XilinxAppLaunchDelegateWrapper.java:31)
	at org.eclipse.debug.internal.core.LaunchConfiguration.launch(LaunchConfiguration.java:858)
	at org.eclipse.debug.internal.core.LaunchConfiguration.launch(LaunchConfiguration.java:707)
	at org.eclipse.debug.internal.ui.DebugUIPlugin.buildAndLaunch(DebugUIPlugin.java:1018)
	at org.eclipse.debug.internal.ui.DebugUIPlugin$8.run(DebugUIPlugin.java:1222)
	at org.eclipse.core.internal.jobs.Worker.run(Worker.java:53)
20:32:11 INFO  : System reset is completed.
20:32:15 INFO  : FPGA configured successfully with bitstream "/home/srihari/Hardware_securiy/Metastability_only_coarse_data_collect/sdk_fix/metastable_ro_wrapper_hw_platform_0/metastable_ro_wrapper.bit"
20:32:16 INFO  : ps7_init is completed.
20:32:16 INFO  : ps7_post_config is completed.
20:34:45 INFO  : ps7_cortexa9_0 Processor is in use. Please stop existing Run or Debug sessions before launching.
20:34:48 INFO  : System reset is completed.
20:34:53 INFO  : FPGA configured successfully with bitstream "/home/srihari/Hardware_securiy/Metastability_only_coarse_data_collect/sdk_fix/metastable_ro_wrapper_hw_platform_0/metastable_ro_wrapper.bit"
20:34:54 INFO  : ps7_init is completed.
20:34:54 INFO  : ps7_post_config is completed.
20:47:55 INFO  : ps7_cortexa9_0 Processor is in use. Please stop existing Run or Debug sessions before launching.
20:47:58 INFO  : Processor reset is completed for ps7_cortexa9_0
20:55:48 INFO  : ps7_cortexa9_0 Processor is in use. Please stop existing Run or Debug sessions before launching.
20:55:50 INFO  : Processor reset is completed for ps7_cortexa9_0
21:05:25 INFO  : ps7_cortexa9_0 Processor is in use. Please stop existing Run or Debug sessions before launching.
21:05:27 INFO  : Processor reset is completed for ps7_cortexa9_0
21:14:38 INFO  : ps7_cortexa9_0 Processor is in use. Please stop existing Run or Debug sessions before launching.
21:14:40 INFO  : Processor reset is completed for ps7_cortexa9_0
21:18:23 INFO  : ps7_cortexa9_0 Processor is in use. Please stop existing Run or Debug sessions before launching.
21:18:25 INFO  : Processor reset is completed for ps7_cortexa9_0
21:20:00 INFO  : ps7_cortexa9_0 Processor is in use. Please stop existing Run or Debug sessions before launching.
21:20:02 INFO  : Processor reset is completed for ps7_cortexa9_0
21:58:16 INFO  : SDK has detected change in the last modified timestamps for source hardware specification file Source:1462067815000,  Project:1462062571000
21:58:16 INFO  : Project metastable_ro_wrapper_hw_platform_0's source hardware specification located at /home/srihari/Hardware_securiy/Metastability_only_coarse_data_collect/sdk_fix/metastable_ro_wrapper.hdf is now different from the local copy.
		 The local copy will be replaced with the source specification and your workspace will be updated.
21:58:17 INFO  : Copied contents of /home/srihari/Hardware_securiy/Metastability_only_coarse_data_collect/sdk_fix/metastable_ro_wrapper.hdf into /metastable_ro_wrapper_hw_platform_0/system.hdf.
21:58:25 INFO  : Synchronizing projects in the workspace with the hardware platform specification changes.
21:58:34 INFO  : 
21:58:35 INFO  : Updating hardware inferred compiler options for data_log.
21:58:35 INFO  : Clearing existing target manager status.
21:58:35 INFO  : Closing and re-opening the MSS file of ther project data_log_bsp
21:58:36 INFO  : Closing and re-opening the MSS file of ther project data_log_bsp
21:58:56 INFO  : System reset is completed.
21:59:01 INFO  : FPGA configured successfully with bitstream "/home/srihari/Hardware_securiy/Metastability_only_coarse_data_collect/sdk_fix/metastable_ro_wrapper_hw_platform_0/metastable_ro_wrapper.bit"
21:59:02 INFO  : ps7_init is completed.
21:59:02 INFO  : ps7_post_config is completed.
22:01:33 INFO  : ps7_cortexa9_0 Processor is in use. Please stop existing Run or Debug sessions before launching.
22:01:35 INFO  : Processor reset is completed for ps7_cortexa9_0
22:05:11 INFO  : ps7_cortexa9_0 Processor is in use. Please stop existing Run or Debug sessions before launching.
22:05:14 INFO  : Processor reset is completed for ps7_cortexa9_0
22:05:57 INFO  : ps7_cortexa9_0 Processor is in use. Please stop existing Run or Debug sessions before launching.
22:05:58 INFO  : System reset is completed.
22:06:03 INFO  : FPGA configured successfully with bitstream "/home/srihari/Hardware_securiy/Metastability_only_coarse_data_collect/sdk_fix/metastable_ro_wrapper_hw_platform_0/metastable_ro_wrapper.bit"
22:06:04 INFO  : ps7_init is completed.
22:06:04 INFO  : ps7_post_config is completed.
22:07:48 INFO  : ps7_cortexa9_0 Processor is in use. Please stop existing Run or Debug sessions before launching.
22:07:50 INFO  : System reset is completed.
22:07:55 INFO  : FPGA configured successfully with bitstream "/home/srihari/Hardware_securiy/Metastability_only_coarse_data_collect/sdk_fix/metastable_ro_wrapper_hw_platform_0/metastable_ro_wrapper.bit"
22:07:56 INFO  : ps7_init is completed.
22:07:56 INFO  : ps7_post_config is completed.
22:08:19 INFO  : System reset is completed.
22:08:23 INFO  : FPGA configured successfully with bitstream "/home/srihari/Hardware_securiy/Metastability_only_coarse_data_collect/sdk_fix/metastable_ro_wrapper_hw_platform_0/metastable_ro_wrapper.bit"
22:08:24 INFO  : ps7_init is completed.
22:08:24 INFO  : ps7_post_config is completed.
22:11:00 INFO  : ps7_cortexa9_0 Processor is in use. Please stop existing Run or Debug sessions before launching.
22:11:02 INFO  : System reset is completed.
22:11:07 INFO  : FPGA configured successfully with bitstream "/home/srihari/Hardware_securiy/Metastability_only_coarse_data_collect/sdk_fix/metastable_ro_wrapper_hw_platform_0/metastable_ro_wrapper.bit"
22:11:08 INFO  : ps7_init is completed.
22:11:08 INFO  : ps7_post_config is completed.
22:15:15 INFO  : ps7_cortexa9_0 Processor is in use. Please stop existing Run or Debug sessions before launching.
22:15:17 INFO  : Processor reset is completed for ps7_cortexa9_0
22:17:48 INFO  : ps7_cortexa9_0 Processor is in use. Please stop existing Run or Debug sessions before launching.
22:17:50 INFO  : Processor reset is completed for ps7_cortexa9_0
22:18:07 INFO  : ps7_cortexa9_0 Processor is in use. Please stop existing Run or Debug sessions before launching.
22:18:08 INFO  : System reset is completed.
22:18:13 INFO  : FPGA configured successfully with bitstream "/home/srihari/Hardware_securiy/Metastability_only_coarse_data_collect/sdk_fix/metastable_ro_wrapper_hw_platform_0/metastable_ro_wrapper.bit"
22:18:13 INFO  : ps7_init is completed.
22:18:13 INFO  : ps7_post_config is completed.
22:20:28 INFO  : ps7_cortexa9_0 Processor is in use. Please stop existing Run or Debug sessions before launching.
22:20:45 INFO  : ps7_cortexa9_0 Processor is in use. Please stop existing Run or Debug sessions before launching.
22:20:46 INFO  : System reset is completed.
22:20:50 INFO  : FPGA configured successfully with bitstream "/home/srihari/Hardware_securiy/Metastability_only_coarse_data_collect/sdk_fix/metastable_ro_wrapper_hw_platform_0/metastable_ro_wrapper.bit"
22:20:51 INFO  : ps7_init is completed.
22:20:51 INFO  : ps7_post_config is completed.
22:22:08 INFO  : ps7_cortexa9_0 Processor is in use. Please stop existing Run or Debug sessions before launching.
22:22:10 INFO  : System reset is completed.
22:22:14 INFO  : FPGA configured successfully with bitstream "/home/srihari/Hardware_securiy/Metastability_only_coarse_data_collect/sdk_fix/metastable_ro_wrapper_hw_platform_0/metastable_ro_wrapper.bit"
22:22:15 INFO  : ps7_init is completed.
22:22:15 INFO  : ps7_post_config is completed.
22:26:43 INFO  : ps7_cortexa9_0 Processor is in use. Please stop existing Run or Debug sessions before launching.
22:26:45 INFO  : System reset is completed.
22:26:50 INFO  : FPGA configured successfully with bitstream "/home/srihari/Hardware_securiy/Metastability_only_coarse_data_collect/sdk_fix/metastable_ro_wrapper_hw_platform_0/metastable_ro_wrapper.bit"
22:26:50 INFO  : ps7_init is completed.
22:26:50 INFO  : ps7_post_config is completed.
22:27:41 INFO  : System reset is completed.
22:27:46 INFO  : FPGA configured successfully with bitstream "/home/srihari/Hardware_securiy/Metastability_only_coarse_data_collect/sdk_fix/metastable_ro_wrapper_hw_platform_0/metastable_ro_wrapper.bit"
22:27:46 INFO  : ps7_init is completed.
22:27:47 INFO  : ps7_post_config is completed.
22:28:54 INFO  : ps7_cortexa9_0 Processor is in use. Please stop existing Run or Debug sessions before launching.
22:28:56 INFO  : System reset is completed.
22:29:01 INFO  : FPGA configured successfully with bitstream "/home/srihari/Hardware_securiy/Metastability_only_coarse_data_collect/sdk_fix/metastable_ro_wrapper_hw_platform_0/metastable_ro_wrapper.bit"
22:29:02 INFO  : ps7_init is completed.
22:29:02 INFO  : ps7_post_config is completed.
22:30:20 INFO  : System reset is completed.
22:30:25 INFO  : FPGA configured successfully with bitstream "/home/srihari/Hardware_securiy/Metastability_only_coarse_data_collect/sdk_fix/metastable_ro_wrapper_hw_platform_0/metastable_ro_wrapper.bit"
22:30:25 INFO  : ps7_init is completed.
22:30:25 INFO  : ps7_post_config is completed.
22:30:35 INFO  : ps7_cortexa9_0 Processor is in use. Please stop existing Run or Debug sessions before launching.
22:30:37 INFO  : System reset is completed.
22:30:41 INFO  : FPGA configured successfully with bitstream "/home/srihari/Hardware_securiy/Metastability_only_coarse_data_collect/sdk_fix/metastable_ro_wrapper_hw_platform_0/metastable_ro_wrapper.bit"
22:30:42 INFO  : ps7_init is completed.
22:30:42 INFO  : ps7_post_config is completed.
22:45:16 INFO  : FPGA Cable Disconnected. All active launches will be terminated.
22:51:55 ERROR : Unexpected error while parsing XMD response ￿: com.google.gson.JsonSyntaxException: com.google.gson.stream.MalformedJsonException: invalid number or unquoted string near 
19:54:58 INFO  : Processing command line option -hwspec /home/srihari/Hardware_securiy/Metastability_only_coarse_data_collect/sdk_fix/metastable_ro_wrapper.hdf.
19:55:00 INFO  : Launching XSDB server: xsdb -s /opt/Xilinx/SDK/2014.4/scripts/xsdb/xsdb/xsdb-server.tcl 2450
19:55:00 INFO  : Checking for hwspec changes in the project metastable_ro_wrapper_hw_platform_0.
19:57:53 INFO  : System reset is completed.
19:57:56 INFO  : FPGA configured successfully with bitstream "/home/srihari/Hardware_securiy/Metastability_only_coarse_data_collect/sdk_fix/metastable_ro_wrapper_hw_platform_0/metastable_ro_wrapper.bit"
19:57:56 INFO  : ps7_init is completed.
19:57:56 INFO  : ps7_post_config is completed.
21:05:29 ERROR : Unexpected error while parsing XMD response ￿: com.google.gson.JsonSyntaxException: com.google.gson.stream.MalformedJsonException: invalid number or unquoted string near 
